name: mixture-0.0001
out: /gpfs/users/mhiriy/Documents/EUSIPCO-23/unrolled/data/models
dataset: /gpfs/users/mhiriy/Documents/EUSIPCO-23/unrolled/data/datasets/mixture_train.zip
test_set_path: /gpfs/users/mhiriy/Documents/EUSIPCO-23/unrolled/data/datasets/mixture_test.zip
depth: 10
step: 100
batch_size: 64
layers: robust
architecture: ROBUST
nepoch: 1000
learning_rate: 0.0001
loss: L2

Epoch 1
-------------------------------
loss = 0.42636947150994964
metrics at epoch 0
        snr       psnr      nmse      ssim  ...  reduce   model dataset epoch
0  0.556349 -11.108896  0.882097  0.836228  ...    mean  ROBUST    test     0
1  0.550617 -11.490860  0.880924  0.833182  ...  median  ROBUST    test     0
2  0.560622 -11.176750  0.879906  0.835914  ...    mean  ROBUST   train     0
3  0.547860 -11.483451  0.881483  0.837204  ...  median  ROBUST   train     0

[4 rows x 9 columns]
Epoch 2
-------------------------------
loss = 0.426209553467659
Epoch 3
-------------------------------
loss = 0.4258535089855459
Epoch 4
-------------------------------
loss = 0.4244964384168206
Epoch 5
-------------------------------
loss = 0.40510143458107395
Epoch 6
-------------------------------
loss = 0.16481710335756403
Epoch 7
-------------------------------
loss = 0.158773035279049
Epoch 8
-------------------------------
loss = 0.1569574311876593
Epoch 9
-------------------------------
loss = 0.1493773813301442
Epoch 10
-------------------------------
loss = 0.13451869503068822
Epoch 11
-------------------------------
loss = 0.12838238851786213
Epoch 12
-------------------------------
loss = 0.1272605756203705
Epoch 13
-------------------------------
loss = 0.12340312314485206
Epoch 14
-------------------------------
loss = 0.13471489278546184
Epoch 15
-------------------------------
loss = 0.1399655564314601
Epoch 16
-------------------------------
loss = 0.12742911934207057
Epoch 17
-------------------------------
loss = 0.13955556123032467
Epoch 18
-------------------------------
loss = 0.11398133722052264
Epoch 19
-------------------------------
loss = 0.11733932424145592
Epoch 20
-------------------------------
loss = 0.11141992831579609
Epoch 21
-------------------------------
loss = 0.11357084273150013
Epoch 22
-------------------------------
loss = 0.11933006039760104
Epoch 23
-------------------------------
loss = 0.1299271880781728
Epoch 24
-------------------------------
loss = 0.11993471754886334
Epoch 25
-------------------------------
loss = 0.13614877415153456
Epoch 26
-------------------------------
loss = 0.10374474057276437
Epoch 27
-------------------------------
loss = 0.10817949985419126
Epoch 28
-------------------------------
loss = 0.09825772220878937
Epoch 29
-------------------------------
loss = 0.09771541951986872
Epoch 30
-------------------------------
loss = 0.09953466292223641
Epoch 31
-------------------------------
loss = 0.09777231064391485
Epoch 32
-------------------------------
loss = 0.1099939162283476
Epoch 33
-------------------------------
loss = 0.11436071367753561
Epoch 34
-------------------------------
loss = 0.12556909622271908
Epoch 35
-------------------------------
loss = 0.1314045472267935
Epoch 36
-------------------------------
loss = 0.10011022378149279
Epoch 37
-------------------------------
loss = 0.10603775981087349
Epoch 38
-------------------------------
loss = 0.09119304869631317
Epoch 39
-------------------------------
loss = 0.09099268104762329
Epoch 40
-------------------------------
loss = 0.08773016973007461
Epoch 41
-------------------------------
loss = 0.08553667853885358
Epoch 42
-------------------------------
loss = 0.0862497883095572
Epoch 43
-------------------------------
loss = 0.08285949097744222
Epoch 44
-------------------------------
loss = 0.08514044981455211
Epoch 45
-------------------------------
loss = 0.08068960465123368
Epoch 46
-------------------------------
loss = 0.08361345052986657
Epoch 47
-------------------------------
loss = 0.07831822972478775
Epoch 48
-------------------------------
loss = 0.08209481984358422
Epoch 49
-------------------------------
loss = 0.07561114352319968
Epoch 50
-------------------------------
loss = 0.07976799133181911
Epoch 51
-------------------------------
loss = 0.0725574362159211
Epoch 52
-------------------------------
loss = 0.07562845406977972
Epoch 53
-------------------------------
loss = 0.0693768015554217
Epoch 54
-------------------------------
loss = 0.0717587805832544
Epoch 55
-------------------------------
loss = 0.06760341466927947
Epoch 56
-------------------------------
loss = 0.06899053340567748
Epoch 57
-------------------------------
loss = 0.06652562510883582
Epoch 58
-------------------------------
loss = 0.06683568586857014
Epoch 59
-------------------------------
loss = 0.06509254217528108
Epoch 60
-------------------------------
loss = 0.06431623727683883
Epoch 61
-------------------------------
loss = 0.0633069199176425
Epoch 62
-------------------------------
loss = 0.06259638450897145
Epoch 63
-------------------------------
loss = 0.06198938712504426
Epoch 64
-------------------------------
loss = 0.061025601818233424
Epoch 65
-------------------------------
loss = 0.06064527994852026
Epoch 66
-------------------------------
loss = 0.059879368292427994
Epoch 67
-------------------------------
loss = 0.05923458963554005
Epoch 68
-------------------------------
loss = 0.05849904148929676
Epoch 69
-------------------------------
loss = 0.058060543536013864
Epoch 70
-------------------------------
loss = 0.057372382679332576
Epoch 71
-------------------------------
loss = 0.05692413342479537
Epoch 72
-------------------------------
loss = 0.05704816235856393
Epoch 73
-------------------------------
loss = 0.056562080723328134
Epoch 74
-------------------------------
loss = 0.05603776127629945
Epoch 75
-------------------------------
loss = 0.0559960059367129
Epoch 76
-------------------------------
loss = 0.055464431858328535
Epoch 77
-------------------------------
loss = 0.0553774171799855
Epoch 78
-------------------------------
loss = 0.05702298310795574
Epoch 79
-------------------------------
loss = 0.05649954475012371
Epoch 80
-------------------------------
loss = 0.0559718955052035
Epoch 81
-------------------------------
loss = 0.05573153394413255
Epoch 82
-------------------------------
loss = 0.05512119897770127
Epoch 83
-------------------------------
loss = 0.054544747095843005
Epoch 84
-------------------------------
loss = 0.05426975231071035
Epoch 85
-------------------------------
loss = 0.0539095636559301
Epoch 86
-------------------------------
loss = 0.05392673295446113
Epoch 87
-------------------------------
loss = 0.05327666363083505
Epoch 88
-------------------------------
loss = 0.053144970946707046
Epoch 89
-------------------------------
loss = 0.05284083618809412
Epoch 90
-------------------------------
loss = 0.05273206755450242
Epoch 91
-------------------------------
loss = 0.05220851859304963
Epoch 92
-------------------------------
loss = 0.051907890534510684
Epoch 93
-------------------------------
loss = 0.051769558267822126
Epoch 94
-------------------------------
loss = 0.05146215766526757
Epoch 95
-------------------------------
loss = 0.05112019143080866
Epoch 96
-------------------------------
loss = 0.05099732996602098
Epoch 97
-------------------------------
loss = 0.05087530482085142
Epoch 98
-------------------------------
loss = 0.05095215275017915
Epoch 99
-------------------------------
loss = 0.05070934694035105
Epoch 100
-------------------------------
loss = 0.050429478753075664
Epoch 101
-------------------------------
loss = 0.050208851118407484
metrics at epoch 100
         snr      psnr      nmse      ssim  ...  reduce   model dataset epoch
0  13.310701 -1.241247  0.302890  0.834329  ...    mean  ROBUST    test   100
1  13.833981 -1.075597  0.041362  0.889434  ...  median  ROBUST    test   100
2  13.762169 -0.796643  0.073676  0.856551  ...    mean  ROBUST   train   100
3  14.013242 -0.759798  0.039690  0.896372  ...  median  ROBUST   train   100

[4 rows x 9 columns]
Epoch 102
-------------------------------
loss = 0.050085096195496205
Epoch 103
-------------------------------
loss = 0.049759891900419254
Epoch 104
-------------------------------
loss = 0.04952250072008151
Epoch 105
-------------------------------
loss = 0.049416029758296995
Epoch 106
-------------------------------
loss = 0.04912132212837041
Epoch 107
-------------------------------
loss = 0.04893118792510438
Epoch 108
-------------------------------
loss = 0.049167835634033395
Epoch 109
-------------------------------
loss = 0.048934338779270996
Epoch 110
-------------------------------
loss = 0.04861338856034585
Epoch 111
-------------------------------
loss = 0.04835313210747137
Epoch 112
-------------------------------
loss = 0.0484927213415892
Epoch 113
-------------------------------
loss = 0.0482752543528386
Epoch 114
-------------------------------
loss = 0.04819615568965731
Epoch 115
-------------------------------
loss = 0.047961955580011865
Epoch 116
-------------------------------
loss = 0.04803588701906229
Epoch 117
-------------------------------
loss = 0.04787499025278382
Epoch 118
-------------------------------
loss = 0.04763900638653847
Epoch 119
-------------------------------
loss = 0.04761897678778567
Epoch 120
-------------------------------
loss = 0.047465419994047756
Epoch 121
-------------------------------
loss = 0.04731280379457396
Epoch 122
-------------------------------
loss = 0.047173663782658345
Epoch 123
-------------------------------
loss = 0.047160753687203114
Epoch 124
-------------------------------
loss = 0.0470895277122721
Epoch 125
-------------------------------
loss = 0.047057641632936034
Epoch 126
-------------------------------
loss = 0.04695480754699063
Epoch 127
-------------------------------
loss = 0.046981167946467374
Epoch 128
-------------------------------
loss = 0.04667950160032274
Epoch 129
-------------------------------
loss = 0.04676567742202337
Epoch 130
-------------------------------
loss = 0.04635455141382584
Epoch 131
-------------------------------
loss = 0.046567856597778165
Epoch 132
-------------------------------
loss = 0.04643486262921394
Epoch 133
-------------------------------
loss = 0.04672932634410924
Epoch 134
-------------------------------
loss = 0.04629489890334138
Epoch 135
-------------------------------
loss = 0.0465181889642726
Epoch 136
-------------------------------
loss = 0.0461057973386895
Epoch 137
-------------------------------
loss = 0.04632675014521601
Epoch 138
-------------------------------
loss = 0.04599291268777955
Epoch 139
-------------------------------
loss = 0.046292347509057905
Epoch 140
-------------------------------
loss = 0.04604262743406185
Epoch 141
-------------------------------
loss = 0.046668542767813695
Epoch 142
-------------------------------
loss = 0.045933051204133754
Epoch 143
-------------------------------
loss = 0.04636420683368045
Epoch 144
-------------------------------
loss = 0.04569051065341419
Epoch 145
-------------------------------
loss = 0.046287445758029996
Epoch 146
-------------------------------
loss = 0.04575522759541889
Epoch 147
-------------------------------
loss = 0.046230511637601494
Epoch 148
-------------------------------
loss = 0.04592334508567604
Epoch 149
-------------------------------
loss = 0.046025351963771687
Epoch 150
-------------------------------
loss = 0.04565776002628859
Epoch 151
-------------------------------
loss = 0.04660025878453614
Epoch 152
-------------------------------
loss = 0.04575578920660211
Epoch 153
-------------------------------
loss = 0.04643965927349539
Epoch 154
-------------------------------
loss = 0.045224772652015986
Epoch 155
-------------------------------
loss = 0.04676620191153813
Epoch 156
-------------------------------
loss = 0.04597718932924856
Epoch 157
-------------------------------
loss = 0.04656101068971348
Epoch 158
-------------------------------
loss = 0.051218324253998304
Epoch 159
-------------------------------
loss = 0.04786080400818655
Epoch 160
-------------------------------
loss = 0.04806720003661112
Epoch 161
-------------------------------
loss = 0.060496115785825456
Epoch 162
-------------------------------
loss = 0.05374866133044235
Epoch 163
-------------------------------
loss = 0.0617686988628009
Epoch 164
-------------------------------
loss = 0.15400168234373207
Epoch 165
-------------------------------
loss = 0.12066090056418208
Epoch 166
-------------------------------
loss = 0.09663370793616044
Epoch 167
-------------------------------
loss = 0.10792962461990149
Epoch 168
-------------------------------
loss = 0.0680358663586907
Epoch 169
-------------------------------
loss = 0.06661121353076263
Epoch 170
-------------------------------
loss = 0.05733579115136271
Epoch 171
-------------------------------
loss = 0.055456510021515484
Epoch 172
-------------------------------
loss = 0.055324006835339126
Epoch 173
-------------------------------
loss = 0.053455733314644927
Epoch 174
-------------------------------
loss = 0.05469200091071702
Epoch 175
-------------------------------
loss = 0.049957208446829215
Epoch 176
-------------------------------
loss = 0.050409979101201305
Epoch 177
-------------------------------
loss = 0.049129835239180936
Epoch 178
-------------------------------
loss = 0.04968091134314416
Epoch 179
-------------------------------
loss = 0.048766867730869565
Epoch 180
-------------------------------
loss = 0.048733871967261984
Epoch 181
-------------------------------
loss = 0.048123037320125614
Epoch 182
-------------------------------
loss = 0.04779794698900722
Epoch 183
-------------------------------
loss = 0.04766154244597724
Epoch 184
-------------------------------
loss = 0.04747309937668243
Epoch 185
-------------------------------
loss = 0.04691015879012174
Epoch 186
-------------------------------
loss = 0.046765587548399816
Epoch 187
-------------------------------
loss = 0.046446877520397715
Epoch 188
-------------------------------
loss = 0.046190658665154746
Epoch 189
-------------------------------
loss = 0.04598059684048017
Epoch 190
-------------------------------
loss = 0.045732653939613364
Epoch 191
-------------------------------
loss = 0.04573509083106338
Epoch 192
-------------------------------
loss = 0.045517616954978246
Epoch 193
-------------------------------
loss = 0.04538765233591162
Epoch 194
-------------------------------
loss = 0.04536328744420377
Epoch 195
-------------------------------
loss = 0.04505574832823096
Epoch 196
-------------------------------
loss = 0.04477501031701063
Epoch 197
-------------------------------
loss = 0.044927789267463415
Epoch 198
-------------------------------
loss = 0.04504992417366943
Epoch 199
-------------------------------
loss = 0.04473974338594305
Epoch 200
-------------------------------
loss = 0.044647722129981735
Epoch 201
-------------------------------
loss = 0.044982404098324706
metrics at epoch 200
         snr      psnr      nmse      ssim  ...  reduce   model dataset epoch
0  13.438275 -1.200753  0.290088  0.842666  ...    mean  ROBUST    test   200
1  13.865109 -0.987038  0.041067  0.893963  ...  median  ROBUST    test   200
2  13.859356 -0.781846  0.069397  0.864366  ...    mean  ROBUST   train   200
3  14.068756 -0.771468  0.039185  0.901110  ...  median  ROBUST   train   200

[4 rows x 9 columns]
Epoch 202
-------------------------------
loss = 0.044287844342208296
Epoch 203
-------------------------------
loss = 0.0447514390214918
Epoch 204
-------------------------------
loss = 0.0445327328543009
Epoch 205
-------------------------------
loss = 0.045326481614347366
Epoch 206
-------------------------------
loss = 0.043875061126471125
Epoch 207
-------------------------------
loss = 0.04537957878141825
Epoch 208
-------------------------------
loss = 0.043838089639512925
Epoch 209
-------------------------------
loss = 0.04472166456363811
Epoch 210
-------------------------------
loss = 0.044134563237989
Epoch 211
-------------------------------
loss = 0.044868485325972124
Epoch 212
-------------------------------
loss = 0.06850929859925399
Epoch 213
-------------------------------
loss = 0.050670820070253544
Epoch 214
-------------------------------
loss = 0.04803845365342455
Epoch 215
-------------------------------
loss = 0.04698854230477318
Epoch 216
-------------------------------
loss = 0.047725022766856404
Epoch 217
-------------------------------
loss = 0.04632931362167489
Epoch 218
-------------------------------
loss = 0.04598077927009645
Epoch 219
-------------------------------
loss = 0.04562924935410765
Epoch 220
-------------------------------
loss = 0.045776061062298284
Epoch 221
-------------------------------
loss = 0.04553478402054882
Epoch 222
-------------------------------
loss = 0.045438049839392036
Epoch 223
-------------------------------
loss = 0.04524759102405558
Epoch 224
-------------------------------
loss = 0.04513115053024937
Epoch 225
-------------------------------
loss = 0.04516128108886281
Epoch 226
-------------------------------
loss = 0.04506809453260887
Epoch 227
-------------------------------
loss = 0.04505813789752171
Epoch 228
-------------------------------
loss = 0.044865429250150725
Epoch 229
-------------------------------
loss = 0.04488645371210498
Epoch 230
-------------------------------
loss = 0.04501676042581042
Epoch 231
-------------------------------
loss = 0.045095406578005946
Epoch 232
-------------------------------
loss = 0.044915254494494496
Epoch 233
-------------------------------
loss = 0.04466146926791837
Epoch 234
-------------------------------
loss = 0.04466047475748726
Epoch 235
-------------------------------
loss = 0.04441128030381632
Epoch 236
-------------------------------
loss = 0.0447540504421531
Epoch 237
-------------------------------
loss = 0.044150510144744734
Epoch 238
-------------------------------
loss = 0.045932653468894045
Epoch 239
-------------------------------
loss = 0.044605470581102
Epoch 240
-------------------------------
loss = 0.04920967751588962
Epoch 241
-------------------------------
loss = 0.059818462394779406
Epoch 242
-------------------------------
loss = 0.04450433781230303
Epoch 243
-------------------------------
loss = 0.043037414252633986
Epoch 244
-------------------------------
loss = 0.043673888639196336
Epoch 245
-------------------------------
loss = 0.043051097605022445
Epoch 246
-------------------------------
loss = 0.04358535376030663
Epoch 247
-------------------------------
loss = 0.04350458772625625
Epoch 248
-------------------------------
loss = 0.04373722519983038
Epoch 249
-------------------------------
loss = 0.04392258872948597
Epoch 250
-------------------------------
loss = 0.04417235732971951
Epoch 251
-------------------------------
loss = 0.04456008956059604
Epoch 252
-------------------------------
loss = 0.04390678848757348
Epoch 253
-------------------------------
loss = 0.043489394894690524
Epoch 254
-------------------------------
loss = 0.0437507616548547
Epoch 255
-------------------------------
loss = 0.043462640692221124
Epoch 256
-------------------------------
loss = 0.04352164962562689
Epoch 257
-------------------------------
loss = 0.04360212706567761
Epoch 258
-------------------------------
loss = 0.04359292145020903
Epoch 259
-------------------------------
loss = 0.04256497428357249
Epoch 260
-------------------------------
loss = 0.047643055744780734
Epoch 261
-------------------------------
loss = 0.06717151585938755
Epoch 262
-------------------------------
loss = 0.045492381861800914
Epoch 263
-------------------------------
loss = 0.04693493584415298
Epoch 264
-------------------------------
loss = 0.044898724796919295
Epoch 265
-------------------------------
loss = 0.044245137088303264
Epoch 266
-------------------------------
loss = 0.044257056022546114
Epoch 267
-------------------------------
loss = 0.044128374847357876
Epoch 268
-------------------------------
loss = 0.0441007088869593
Epoch 269
-------------------------------
loss = 0.04413635858736958
Epoch 270
-------------------------------
loss = 0.044390121603162316
Epoch 271
-------------------------------
loss = 0.044545757168148105
Epoch 272
-------------------------------
loss = 0.04382492730651456
Epoch 273
-------------------------------
loss = 0.04344572503759621
Epoch 274
-------------------------------
loss = 0.044004631511549784
Epoch 275
-------------------------------
loss = 0.04297684592887091
Epoch 276
-------------------------------
loss = 0.05352081576471891
Epoch 277
-------------------------------
loss = 0.057923042959097414
Epoch 278
-------------------------------
loss = 0.06113390627297188
Epoch 279
-------------------------------
loss = 0.05193856220282069
Epoch 280
-------------------------------
loss = 0.04672847477101938
Epoch 281
-------------------------------
loss = 0.052616285207710764
Epoch 282
-------------------------------
loss = 0.04699499570093328
Epoch 283
-------------------------------
loss = 0.06289414103963654
Epoch 284
-------------------------------
loss = 0.04432460191479957
Epoch 285
-------------------------------
loss = 0.044646587988976486
Epoch 286
-------------------------------
loss = 0.045556226569501077
Epoch 287
-------------------------------
loss = 0.0631997390704521
Epoch 288
-------------------------------
loss = 0.045942352007361284
Epoch 289
-------------------------------
loss = 0.04386511467838281
Epoch 290
-------------------------------
loss = 0.045891620210037495
Epoch 291
-------------------------------
loss = 0.04399541495329466
Epoch 292
-------------------------------
loss = 0.04370012527309482
Epoch 293
-------------------------------
loss = 0.04433092935407533
Epoch 294
-------------------------------
loss = 0.04217969391754106
Epoch 295
-------------------------------
loss = 0.042513206598362954
Epoch 296
-------------------------------
loss = 0.08460819015500645
Epoch 297
-------------------------------
loss = 0.04576974201843276
Epoch 298
-------------------------------
loss = 0.058163417623435756
Epoch 299
-------------------------------
loss = 0.04425503686319375
Epoch 300
-------------------------------
loss = 0.04448308130423715
Epoch 301
-------------------------------
loss = 0.04528588866229525
metrics at epoch 300
         snr      psnr      nmse      ssim  ...  reduce   model dataset epoch
0  13.335922 -1.387066  0.301487  0.831680  ...    mean  ROBUST    test   300
1  13.707951 -1.184928  0.042580  0.883083  ...  median  ROBUST    test   300
2  13.747525 -0.974030  0.071133  0.852367  ...    mean  ROBUST   train   300
3  13.999991 -0.983102  0.039811  0.893265  ...  median  ROBUST   train   300

[4 rows x 9 columns]
Epoch 302
-------------------------------
loss = 0.04371362810560495
Epoch 303
-------------------------------
loss = 0.04481727766568625
Epoch 304
-------------------------------
loss = 0.04314530327094266
Epoch 305
-------------------------------
loss = 0.04422632916679363
Epoch 306
-------------------------------
loss = 0.04280904353315795
Epoch 307
-------------------------------
loss = 0.04569736342804922
Epoch 308
-------------------------------
loss = 0.04291553857595307
Epoch 309
-------------------------------
loss = 0.045134392781482104
Epoch 310
-------------------------------
loss = 0.0455234229510104
Epoch 311
-------------------------------
loss = 0.04943142309236746
Epoch 312
-------------------------------
loss = 0.050056810342680835
Epoch 313
-------------------------------
loss = 0.04270354659623151
Epoch 314
-------------------------------
loss = 0.0438420332674857
Epoch 315
-------------------------------
loss = 0.043999662762598105
Epoch 316
-------------------------------
loss = 0.042036774462906004
Epoch 317
-------------------------------
loss = 0.04358259256671593
Epoch 318
-------------------------------
loss = 0.06988975580977705
Epoch 319
-------------------------------
loss = 0.05665054917543422
Epoch 320
-------------------------------
loss = 0.0445207549414985
Epoch 321
-------------------------------
loss = 0.04445432795587421
Epoch 322
-------------------------------
loss = 0.04514482520378152
Epoch 323
-------------------------------
loss = 0.04633392517667513
Epoch 324
-------------------------------
loss = 0.04740697223302217
Epoch 325
-------------------------------
loss = 0.04728796148218429
Epoch 326
-------------------------------
loss = 0.04682953741648272
Epoch 327
-------------------------------
loss = 0.04622622831646873
Epoch 328
-------------------------------
loss = 0.045910124904589525
Epoch 329
-------------------------------
loss = 0.04560387747316926
Epoch 330
-------------------------------
loss = 0.045391815855939856
Epoch 331
-------------------------------
loss = 0.04505547796736979
Epoch 332
-------------------------------
loss = 0.04474995896616937
Epoch 333
-------------------------------
loss = 0.04457178680861566
Epoch 334
-------------------------------
loss = 0.04440785167975435
Epoch 335
-------------------------------
loss = 0.04428051675796923
Epoch 336
-------------------------------
loss = 0.04410017660405588
Epoch 337
-------------------------------
loss = 0.04404055664293524
Epoch 338
-------------------------------
loss = 0.043955971980404594
Epoch 339
-------------------------------
loss = 0.04419902635270065
Epoch 340
-------------------------------
loss = 0.04373493085800688
Epoch 341
-------------------------------
loss = 0.043597388559225535
Epoch 342
-------------------------------
loss = 0.04351401977669338
Epoch 343
-------------------------------
loss = 0.043377073259684706
Epoch 344
-------------------------------
loss = 0.043322639888049005
Epoch 345
-------------------------------
loss = 0.04348277776327231
Epoch 346
-------------------------------
loss = 0.04326075900224393
Epoch 347
-------------------------------
loss = 0.043212331336177814
Epoch 348
-------------------------------
loss = 0.04306697166767627
Epoch 349
-------------------------------
loss = 0.04296741816928858
Epoch 350
-------------------------------
loss = 0.042920239034684365
Epoch 351
-------------------------------
loss = 0.04283990512066614
Epoch 352
-------------------------------
loss = 0.04278058308695659
Epoch 353
-------------------------------
loss = 0.04268588207850223
Epoch 354
-------------------------------
loss = 0.042658438627253104
Epoch 355
-------------------------------
loss = 0.04266289480567788
Epoch 356
-------------------------------
loss = 0.04260276068026108
Epoch 357
-------------------------------
loss = 0.04255484412872451
Epoch 358
-------------------------------
loss = 0.04256439337182036
Epoch 359
-------------------------------
loss = 0.042539809837507846
Epoch 360
-------------------------------
loss = 0.04252865219687275
Epoch 361
-------------------------------
loss = 0.042448392447781425
Epoch 362
-------------------------------
loss = 0.042423540883860154
Epoch 363
-------------------------------
loss = 0.042459037486663784
Epoch 364
-------------------------------
loss = 0.04234118205387573
Epoch 365
-------------------------------
loss = 0.042321096004949085
Epoch 366
-------------------------------
loss = 0.042550179120008844
Epoch 367
-------------------------------
loss = 0.04232889104000034
Epoch 368
-------------------------------
loss = 0.04235194064901794
Epoch 369
-------------------------------
loss = 0.04244836134491661
Epoch 370
-------------------------------
loss = 0.04242715642789071
Epoch 371
-------------------------------
loss = 0.04242317305389935
Epoch 372
-------------------------------
loss = 0.042277513304010375
Epoch 373
-------------------------------
loss = 0.04223070705158592
Epoch 374
-------------------------------
loss = 0.04219176037171686
Epoch 375
-------------------------------
loss = 0.04218145562808788
Epoch 376
-------------------------------
loss = 0.04217969733301515
Epoch 377
-------------------------------
loss = 0.04215237286872969
Epoch 378
-------------------------------
loss = 0.04215324438472473
Epoch 379
-------------------------------
loss = 0.04209655952050485
Epoch 380
-------------------------------
loss = 0.04203258951550411
Epoch 381
-------------------------------
loss = 0.04204076880305291
Epoch 382
-------------------------------
loss = 0.04194726406865631
Epoch 383
-------------------------------
loss = 0.04202894699496283
Epoch 384
-------------------------------
loss = 0.04201003404149255
Epoch 385
-------------------------------
loss = 0.04198710167735015
Epoch 386
-------------------------------
loss = 0.041922603561370106
Epoch 387
-------------------------------
loss = 0.041918240182141145
Epoch 388
-------------------------------
loss = 0.04194684999612762
Epoch 389
-------------------------------
loss = 0.041888520833634216
Epoch 390
-------------------------------
loss = 0.041850996974903146
Epoch 391
-------------------------------
loss = 0.04180877500726167
Epoch 392
-------------------------------
loss = 0.04178103221999521
Epoch 393
-------------------------------
loss = 0.041731643592105974
Epoch 394
-------------------------------
loss = 0.041671006408285624
Epoch 395
-------------------------------
loss = 0.041689500405612076
Epoch 396
-------------------------------
loss = 0.04162554236780443
Epoch 397
-------------------------------
loss = 0.04164618719707042
Epoch 398
-------------------------------
loss = 0.04161343577425032
Epoch 399
-------------------------------
loss = 0.04156902568827382
Epoch 400
-------------------------------
loss = 0.041578490283685585
Epoch 401
-------------------------------
loss = 0.04161124381898833
metrics at epoch 400
         snr      psnr      nmse      ssim  ...  reduce   model dataset epoch
0  13.432800 -1.192080  0.269215  0.846785  ...    mean  ROBUST    test   400
1  13.802614 -0.961515  0.041662  0.895972  ...  median  ROBUST    test   400
2  13.847276 -0.781968  0.057193  0.867695  ...    mean  ROBUST   train   400
3  14.089922 -0.765623  0.038995  0.905032  ...  median  ROBUST   train   400

[4 rows x 9 columns]
Epoch 402
-------------------------------
loss = 0.04159327902841783
Epoch 403
-------------------------------
loss = 0.041545781500679425
Epoch 404
-------------------------------
loss = 0.04159571061757624
Epoch 405
-------------------------------
loss = 0.04154781311170469
Epoch 406
-------------------------------
loss = 0.04153860716424528
Epoch 407
-------------------------------
loss = 0.04157061679096984
Epoch 408
-------------------------------
loss = 0.04157846555633236
Epoch 409
-------------------------------
loss = 0.041468838572483166
Epoch 410
-------------------------------
loss = 0.04148241041334015
Epoch 411
-------------------------------
loss = 0.15587245072803463
Epoch 412
-------------------------------
loss = 0.1246081527453573
Epoch 413
-------------------------------
loss = 0.058094764307711745
Epoch 414
-------------------------------
loss = 0.10739427454486505
Epoch 415
-------------------------------
loss = 0.05037087432237577
Epoch 416
-------------------------------
loss = 0.05642605533895464
Epoch 417
-------------------------------
loss = 0.04760004455971685
Epoch 418
-------------------------------
loss = 0.04746430619391471
Epoch 419
-------------------------------
loss = 0.047125980497335726
Epoch 420
-------------------------------
loss = 0.046280049574670655
Epoch 421
-------------------------------
loss = 0.047416919006033606
Epoch 422
-------------------------------
loss = 0.04548105441946002
Epoch 423
-------------------------------
loss = 0.04767807502264062
Epoch 424
-------------------------------
loss = 0.044994967945485506
Epoch 425
-------------------------------
loss = 0.04929553127798299
Epoch 426
-------------------------------
loss = 0.044274851331102934
Epoch 427
-------------------------------
loss = 0.048610109582506694
Epoch 428
-------------------------------
loss = 0.04401315584382959
Epoch 429
-------------------------------
loss = 0.04623012042021759
Epoch 430
-------------------------------
loss = 0.04346554750254722
Epoch 431
-------------------------------
loss = 0.044632336883659425
Epoch 432
-------------------------------
loss = 0.04318815953924593
Epoch 433
-------------------------------
loss = 0.04401909802605602
Epoch 434
-------------------------------
loss = 0.043032942859644124
Epoch 435
-------------------------------
loss = 0.043381273765688705
Epoch 436
-------------------------------
loss = 0.042941630406318154
Epoch 437
-------------------------------
loss = 0.043022584067253324
Epoch 438
-------------------------------
loss = 0.04288137786856609
Epoch 439
-------------------------------
loss = 0.04283195861117446
Epoch 440
-------------------------------
loss = 0.042674181862491264
Epoch 441
-------------------------------
loss = 0.04261452332021472
Epoch 442
-------------------------------
loss = 0.04247463431001367
Epoch 443
-------------------------------
loss = 0.042400194066701744
Epoch 444
-------------------------------
loss = 0.042354193948243725
Epoch 445
-------------------------------
loss = 0.042215601160110874
Epoch 446
-------------------------------
loss = 0.042198177694075426
Epoch 447
-------------------------------
loss = 0.04214670342432542
Epoch 448
-------------------------------
loss = 0.04210128112647519
Epoch 449
-------------------------------
loss = 0.0420605063006822
Epoch 450
-------------------------------
loss = 0.04199009955084275
Epoch 451
-------------------------------
loss = 0.041988031685632476
Epoch 452
-------------------------------
loss = 0.042002834185461996
Epoch 453
-------------------------------
loss = 0.04197269230410987
Epoch 454
-------------------------------
loss = 0.042003456345248935
Epoch 455
-------------------------------
loss = 0.04183522727687901
Epoch 456
-------------------------------
loss = 0.041812349156503045
Epoch 457
-------------------------------
loss = 0.04185586072833873
Epoch 458
-------------------------------
loss = 0.04163843926323085
Epoch 459
-------------------------------
loss = 0.041646193093422594
Epoch 460
-------------------------------
loss = 0.041588770239612
Epoch 461
-------------------------------
loss = 0.04162092714315846
Epoch 462
-------------------------------
loss = 0.04160731933262961
Epoch 463
-------------------------------
loss = 0.04164289389102529
Epoch 464
-------------------------------
loss = 0.04164459471479746
Epoch 465
-------------------------------
loss = 0.04161698688768661
Epoch 466
-------------------------------
loss = 0.04157255897066141
Epoch 467
-------------------------------
loss = 0.04160445738594778
Epoch 468
-------------------------------
loss = 0.041630936894038725
Epoch 469
-------------------------------
loss = 0.041618222252980855
Epoch 470
-------------------------------
loss = 0.04154850590961808
Epoch 471
-------------------------------
loss = 0.04156960762635622
Epoch 472
-------------------------------
loss = 0.04153775603620692
Epoch 473
-------------------------------
loss = 0.04148163417765334
Epoch 474
-------------------------------
loss = 0.04152923216476456
Epoch 475
-------------------------------
loss = 0.04149688286728885
Epoch 476
-------------------------------
loss = 0.04151828574219354
Epoch 477
-------------------------------
loss = 0.0414827924547108
Epoch 478
-------------------------------
loss = 0.041407573130545425
Epoch 479
-------------------------------
loss = 0.04138099775141674
Epoch 480
-------------------------------
loss = 0.041427790954809876
Epoch 481
-------------------------------
loss = 0.041356624970882425
Epoch 482
-------------------------------
loss = 0.041327877537686825
Epoch 483
-------------------------------
loss = 0.04147713230688308
Epoch 484
-------------------------------
loss = 0.04153248160317824
Epoch 485
-------------------------------
loss = 0.041377633061687166
Epoch 486
-------------------------------
loss = 0.04149037685274935
Epoch 487
-------------------------------
loss = 0.04140280555082797
Epoch 488
-------------------------------
loss = 0.04143052641397613
Epoch 489
-------------------------------
loss = 0.04139730039347619
Epoch 490
-------------------------------
loss = 0.0413087394872159
Epoch 491
-------------------------------
loss = 0.04130260879934243
Epoch 492
-------------------------------
loss = 0.041291779851744946
Epoch 493
-------------------------------
loss = 0.04129270039146991
Epoch 494
-------------------------------
loss = 0.04125341965417069
Epoch 495
-------------------------------
loss = 0.04128678205247243
Epoch 496
-------------------------------
loss = 0.04123029660810643
Epoch 497
-------------------------------
loss = 0.04119170258422056
Epoch 498
-------------------------------
loss = 0.04114119290892293
Epoch 499
-------------------------------
loss = 0.0412059104858439
Epoch 500
-------------------------------
loss = 0.04113885572505417
Epoch 501
-------------------------------
loss = 0.041112348774538676
metrics at epoch 500
         snr      psnr      nmse      ssim  ...  reduce   model dataset epoch
0  13.470197 -1.206059  0.274869  0.842491  ...    mean  ROBUST    test   500
1  13.878003 -0.988947  0.040945  0.892247  ...  median  ROBUST    test   500
2  13.885578 -0.793258  0.056547  0.863605  ...    mean  ROBUST   train   500
3  14.143441 -0.769406  0.038517  0.902923  ...  median  ROBUST   train   500

[4 rows x 9 columns]
Epoch 502
-------------------------------
loss = 0.04116138800570541
Epoch 503
-------------------------------
loss = 0.04115767631655951
Epoch 504
-------------------------------
loss = 0.041137529748396115
Epoch 505
-------------------------------
loss = 0.04112930072875106
Epoch 506
-------------------------------
loss = 0.0411238804187127
Epoch 507
-------------------------------
loss = 0.04111286572781034
Epoch 508
-------------------------------
loss = 0.04107116932608647
Epoch 509
-------------------------------
loss = 0.041057079329134785
Epoch 510
-------------------------------
loss = 0.041005654616234864
Epoch 511
-------------------------------
loss = 0.040948020398466935
Epoch 512
-------------------------------
loss = 0.0411003433172938
Epoch 513
-------------------------------
loss = 0.04110433844998558
Epoch 514
-------------------------------
loss = 0.04090468790807947
Epoch 515
-------------------------------
loss = 0.04114360073608548
Epoch 516
-------------------------------
loss = 0.04111727341036034
Epoch 517
-------------------------------
loss = 0.04111842748356099
Epoch 518
-------------------------------
loss = 0.040922830577540356
Epoch 519
-------------------------------
loss = 0.041036705206397725
Epoch 520
-------------------------------
loss = 0.041075320101273315
Epoch 521
-------------------------------
loss = 0.04095116659114866
Epoch 522
-------------------------------
loss = 0.04084283734389403
Epoch 523
-------------------------------
loss = 0.04092815469299043
Epoch 524
-------------------------------
loss = 0.04093442418196991
Epoch 525
-------------------------------
loss = 0.0408462292507091
Epoch 526
-------------------------------
loss = 0.04086971641852036
Epoch 527
-------------------------------
loss = 0.04098987426924662
Epoch 528
-------------------------------
loss = 0.04086633877025578
Epoch 529
-------------------------------
loss = 0.04078651397438987
Epoch 530
-------------------------------
loss = 0.04093258782241711
Epoch 531
-------------------------------
loss = 0.04087499764033113
Epoch 532
-------------------------------
loss = 0.04094407384643699
Epoch 533
-------------------------------
loss = 0.04081518229237168
Epoch 534
-------------------------------
loss = 0.04079320569331587
Epoch 535
-------------------------------
loss = 0.04074709200542962
Epoch 536
-------------------------------
loss = 0.0408919145186589
Epoch 537
-------------------------------
loss = 0.04070549565033308
Epoch 538
-------------------------------
loss = 0.04068037127462308
Epoch 539
-------------------------------
loss = 0.040508408030048806
Epoch 540
-------------------------------
loss = 0.0408965583129264
Epoch 541
-------------------------------
loss = 0.04056465380522796
Epoch 542
-------------------------------
loss = 0.04077786558395423
Epoch 543
-------------------------------
loss = 0.04051882757835154
Epoch 544
-------------------------------
loss = 0.040575959639553794
Epoch 545
-------------------------------
loss = 0.04051010640241253
Epoch 546
-------------------------------
loss = 0.040545999409718106
Epoch 547
-------------------------------
loss = 0.04061104667664787
Epoch 548
-------------------------------
loss = 0.040596316201352976
Epoch 549
-------------------------------
loss = 0.04038848069996379
Epoch 550
-------------------------------
loss = 0.04058916066710773
Epoch 551
-------------------------------
loss = 0.04049210584921462
Epoch 552
-------------------------------
loss = 0.04079401430850676
Epoch 553
-------------------------------
loss = 0.04053718046885464
Epoch 554
-------------------------------
loss = 0.040466239606752066
Epoch 555
-------------------------------
loss = 0.04018458259515261
Epoch 556
-------------------------------
loss = 0.04037674854139354
Epoch 557
-------------------------------
loss = 0.04053997741674307
Epoch 558
-------------------------------
loss = 0.04032297788081081
Epoch 559
-------------------------------
loss = 0.040307131265838084
Epoch 560
-------------------------------
loss = 0.040062506655030514
Epoch 561
-------------------------------
loss = 0.04013137145992812
Epoch 562
-------------------------------
loss = 0.04018664524592423
Epoch 563
-------------------------------
loss = 0.04030021391010454
Epoch 564
-------------------------------
loss = 0.03994780486702719
Epoch 565
-------------------------------
loss = 0.03992645355152509
Epoch 566
-------------------------------
loss = 0.03983697299718638
Epoch 567
-------------------------------
loss = 0.0401356864932708
Epoch 568
-------------------------------
loss = 0.04000038978031375
Epoch 569
-------------------------------
loss = 0.04024753385579087
Epoch 570
-------------------------------
loss = 0.03996313931652148
Epoch 571
-------------------------------
loss = 0.040619531641784445
Epoch 572
-------------------------------
loss = 0.04008816718211102
Epoch 573
-------------------------------
loss = 0.04069657178690283
Epoch 574
-------------------------------
loss = 0.04013452259833208
Epoch 575
-------------------------------
loss = 0.0399830517543958
Epoch 576
-------------------------------
loss = 0.03975695343676004
Epoch 577
-------------------------------
loss = 0.03954233860028997
Epoch 578
-------------------------------
loss = 0.03958675245911738
Epoch 579
-------------------------------
loss = 0.03975766222569105
Epoch 580
-------------------------------
loss = 0.03970047577252217
Epoch 581
-------------------------------
loss = 0.039383756743234154
Epoch 582
-------------------------------
loss = 0.03942421315887798
Epoch 583
-------------------------------
loss = 0.039432279630645176
Epoch 584
-------------------------------
loss = 0.03958249141339534
Epoch 585
-------------------------------
loss = 0.039519015540779384
Epoch 586
-------------------------------
loss = 0.03929314187599724
Epoch 587
-------------------------------
loss = 0.039307324410400364
Epoch 588
-------------------------------
loss = 0.03930940175871683
Epoch 589
-------------------------------
loss = 0.039392100767713364
Epoch 590
-------------------------------
loss = 0.03921147123807413
Epoch 591
-------------------------------
loss = 0.03936768248812379
Epoch 592
-------------------------------
loss = 0.0392089857498082
Epoch 593
-------------------------------
loss = 0.039402001587997844
Epoch 594
-------------------------------
loss = 0.03920295992160631
Epoch 595
-------------------------------
loss = 0.039145781019830635
Epoch 596
-------------------------------
loss = 0.03917424071002298
Epoch 597
-------------------------------
loss = 0.0391734227498441
Epoch 598
-------------------------------
loss = 0.038901853844675933
Epoch 599
-------------------------------
loss = 0.03900845230964558
Epoch 600
-------------------------------
loss = 0.039048852015354595
Epoch 601
-------------------------------
loss = 0.03899875690412304
metrics at epoch 600
         snr      psnr      nmse      ssim  ...  reduce   model dataset epoch
0  13.544329 -1.305756  0.289124  0.829837  ...    mean  ROBUST    test   600
1  13.925650 -1.022444  0.040498  0.881638  ...  median  ROBUST    test   600
2  13.957281 -0.899145  0.056107  0.850553  ...    mean  ROBUST   train   600
3  14.204236 -0.858294  0.037982  0.889859  ...  median  ROBUST   train   600

[4 rows x 9 columns]
Epoch 602
-------------------------------
loss = 0.038757948692585864
Epoch 603
-------------------------------
loss = 0.0390194478024753
Epoch 604
-------------------------------
loss = 0.038813547856405395
Epoch 605
-------------------------------
loss = 0.038753644303490334
Epoch 606
-------------------------------
loss = 0.03859393493390803
Epoch 607
-------------------------------
loss = 0.03888552926003249
Epoch 608
-------------------------------
loss = 0.038767568517568386
Epoch 609
-------------------------------
loss = 0.03892223676787637
Epoch 610
-------------------------------
loss = 0.03865019918959596
Epoch 611
-------------------------------
loss = 0.03917425882252585
Epoch 612
-------------------------------
loss = 0.03927679251675471
Epoch 613
-------------------------------
loss = 0.04066788793195912
Epoch 614
-------------------------------
loss = 0.039802684811863234
Epoch 615
-------------------------------
loss = 0.039445163587906666
Epoch 616
-------------------------------
loss = 0.03824767204423549
Epoch 617
-------------------------------
loss = 0.03818664427866795
Epoch 618
-------------------------------
loss = 0.03803127769213436
Epoch 619
-------------------------------
loss = 0.0382168148569025
Epoch 620
-------------------------------
loss = 0.03850535471585413
Epoch 621
-------------------------------
loss = 0.03841425573672837
Epoch 622
-------------------------------
loss = 0.03831421688089787
Epoch 623
-------------------------------
loss = 0.03799018110587633
Epoch 624
-------------------------------
loss = 0.03788078681625438
Epoch 625
-------------------------------
loss = 0.038039780733389324
Epoch 626
-------------------------------
loss = 0.03824140812327077
Epoch 627
-------------------------------
loss = 0.038250602880762805
Epoch 628
-------------------------------
loss = 0.03833372132820424
Epoch 629
-------------------------------
loss = 0.03759411009155147
Epoch 630
-------------------------------
loss = 0.03777487306823792
Epoch 631
-------------------------------
loss = 0.03800967820645895
Epoch 632
-------------------------------
loss = 0.037953016015279825
Epoch 633
-------------------------------
loss = 0.037810343683412684
Epoch 634
-------------------------------
loss = 0.0376485376327109
Epoch 635
-------------------------------
loss = 0.037597846117525466
Epoch 636
-------------------------------
loss = 0.03743401154597405
Epoch 637
-------------------------------
loss = 0.03758481596140682
Epoch 638
-------------------------------
loss = 0.03775583025446682
Epoch 639
-------------------------------
loss = 0.037998255904116755
Epoch 640
-------------------------------
loss = 0.03744252426858508
Epoch 641
-------------------------------
loss = 0.03770648739717164
Epoch 642
-------------------------------
loss = 0.037280344199816566
Epoch 643
-------------------------------
loss = 0.03715130922000372
Epoch 644
-------------------------------
loss = 0.03746759452422877
Epoch 645
-------------------------------
loss = 0.038051604516705015
Epoch 646
-------------------------------
loss = 0.03819744204279006
Epoch 647
-------------------------------
loss = 0.039773891972769176
Epoch 648
-------------------------------
loss = 0.03671801848609091
Epoch 649
-------------------------------
loss = 0.03665365138015773
Epoch 650
-------------------------------
loss = 0.0369887886807104
Epoch 651
-------------------------------
loss = 0.037479679497115816
Epoch 652
-------------------------------
loss = 0.037442709745658276
Epoch 653
-------------------------------
loss = 0.037071348561734836
Epoch 654
-------------------------------
loss = 0.03697081725793912
Epoch 655
-------------------------------
loss = 0.03674013154440518
Epoch 656
-------------------------------
loss = 0.03615088255806603
Epoch 657
-------------------------------
loss = 0.03679413244463656
Epoch 658
-------------------------------
loss = 0.04046434303134457
Epoch 659
-------------------------------
loss = 0.0391685178374158
Epoch 660
-------------------------------
loss = 0.03742041288931895
Epoch 661
-------------------------------
loss = 0.03703030766238148
Epoch 662
-------------------------------
loss = 0.037229021814319564
Epoch 663
-------------------------------
loss = 0.03713217015407361
Epoch 664
-------------------------------
loss = 0.03627535954132764
Epoch 665
-------------------------------
loss = 0.04107428879971749
Epoch 666
-------------------------------
loss = 0.042152249212800065
Epoch 667
-------------------------------
loss = 0.04560258536641296
Epoch 668
-------------------------------
loss = 0.04060736270276222
Epoch 669
-------------------------------
loss = 0.048061815335962314
Epoch 670
-------------------------------
loss = 0.12449782469754359
Epoch 671
-------------------------------
loss = 0.07826499590144442
Epoch 672
-------------------------------
loss = 0.08737340265592644
Epoch 673
-------------------------------
loss = 0.16022840545879938
Epoch 674
-------------------------------
loss = 0.10022880110162666
Epoch 675
-------------------------------
loss = 0.09398440636227261
Epoch 676
-------------------------------
loss = 0.10305608238808801
Epoch 677
-------------------------------
loss = 0.09562145010013959
Epoch 678
-------------------------------
loss = 0.09573437963812292
Epoch 679
-------------------------------
loss = 0.09446948054813249
Epoch 680
-------------------------------
loss = 0.09444975068212691
Epoch 681
-------------------------------
loss = 0.09347505915640206
Epoch 682
-------------------------------
loss = 0.0934955249362585
Epoch 683
-------------------------------
loss = 0.09240381813626757
Epoch 684
-------------------------------
loss = 0.09125152412923031
Epoch 685
-------------------------------
loss = 0.09010661223665417
Epoch 686
-------------------------------
loss = 0.08947114212306169
Epoch 687
-------------------------------
loss = 0.0889535882745964
Epoch 688
-------------------------------
loss = 0.08846422288890281
Epoch 689
-------------------------------
loss = 0.08840824008964791
Epoch 690
-------------------------------
loss = 0.08791770150842997
Epoch 691
-------------------------------
loss = 0.0871421951437629
Epoch 692
-------------------------------
loss = 0.08688500379874994
Epoch 693
-------------------------------
loss = 0.08669514482437646
Epoch 694
-------------------------------
loss = 0.08740495593648127
Epoch 695
-------------------------------
loss = 0.08696267482996782
Epoch 696
-------------------------------
loss = 0.08629392294355821
Epoch 697
-------------------------------
loss = 0.08706125897600657
Epoch 698
-------------------------------
loss = 0.08686821310944451
Epoch 699
-------------------------------
loss = 0.08629216677884607
Epoch 700
-------------------------------
loss = 0.08617554509855739
Epoch 701
-------------------------------
loss = 0.08637797992703147
metrics at epoch 700
         snr      psnr      nmse      ssim  ...  reduce   model dataset epoch
0  13.546919 -1.230054  0.239869  0.848855  ...    mean  ROBUST    test   700
1  13.951143 -1.023995  0.040261  0.906301  ...  median  ROBUST    test   700
2  13.865086 -0.915223  0.060479  0.866066  ...    mean  ROBUST   train   700
3  14.219441 -0.831943  0.037849  0.914587  ...  median  ROBUST   train   700

[4 rows x 9 columns]
Epoch 702
-------------------------------
loss = 0.08581558656737234
Epoch 703
-------------------------------
loss = 0.08620577575997658
Epoch 704
-------------------------------
loss = 0.08557197348186198
Epoch 705
-------------------------------
loss = 0.08507357801631321
Epoch 706
-------------------------------
loss = 0.08458327328652418
Epoch 707
-------------------------------
loss = 0.08426178888896811
Epoch 708
-------------------------------
loss = 0.0841418487787349
Epoch 709
-------------------------------
loss = 0.08502132195033363
Epoch 710
-------------------------------
loss = 0.08867092901204784
Epoch 711
-------------------------------
loss = 0.08802086384038524
Epoch 712
-------------------------------
loss = 0.08686569124728707
Epoch 713
-------------------------------
loss = 0.08480867713028774
Epoch 714
-------------------------------
loss = 0.08387648864967787
Epoch 715
-------------------------------
loss = 0.08295172339319191
Epoch 716
-------------------------------
loss = 0.08238919431064665
Epoch 717
-------------------------------
loss = 0.08138573612217329
Epoch 718
-------------------------------
loss = 0.07993045666240921
Epoch 719
-------------------------------
loss = 0.07946473475888097
Epoch 720
-------------------------------
loss = 0.07815601432304513
Epoch 721
-------------------------------
loss = 0.07751827178361129
Epoch 722
-------------------------------
loss = 0.07714657876548306
Epoch 723
-------------------------------
loss = 0.07637301421195389
Epoch 724
-------------------------------
loss = 0.07557008439947777
Epoch 725
-------------------------------
loss = 0.07390017900624453
Epoch 726
-------------------------------
loss = 0.07335836989766906
Epoch 727
-------------------------------
loss = 0.07218071203034487
Epoch 728
-------------------------------
loss = 0.07109875063902295
Epoch 729
-------------------------------
loss = 0.07286716387450856
Epoch 730
-------------------------------
loss = 0.07221940374786069
Epoch 731
-------------------------------
loss = 0.06999091652804201
Epoch 732
-------------------------------
loss = 0.06882225032913139
Epoch 733
-------------------------------
loss = 0.06780591446866979
Epoch 734
-------------------------------
loss = 0.06636856520425778
Epoch 735
-------------------------------
loss = 0.06527598530178946
Epoch 736
-------------------------------
loss = 0.06465118382631685
Epoch 737
-------------------------------
loss = 0.06441274086530294
Epoch 738
-------------------------------
loss = 0.06240548650523634
Epoch 739
-------------------------------
loss = 0.06060373497643314
Epoch 740
-------------------------------
loss = 0.05905452981860598
Epoch 741
-------------------------------
loss = 0.05828225374994189
Epoch 742
-------------------------------
loss = 0.056048021769864245
Epoch 743
-------------------------------
loss = 0.053572184065593983
Epoch 744
-------------------------------
loss = 0.0510803141951542
Epoch 745
-------------------------------
loss = 0.04832379047508232
Epoch 746
-------------------------------
loss = 0.04495201396634102
Epoch 747
-------------------------------
loss = 0.040978707994499174
Epoch 748
-------------------------------
loss = 0.03614713109447929
Epoch 749
-------------------------------
loss = 0.03156266201144004
Epoch 750
-------------------------------
loss = 0.026879380553159103
Epoch 751
-------------------------------
loss = 0.024862795791187334
Epoch 752
-------------------------------
loss = 0.024766295078125795
Epoch 753
-------------------------------
loss = 0.02490103197128025
Epoch 754
-------------------------------
loss = 0.02485555243786653
Epoch 755
-------------------------------
loss = 0.024869597132116752
Epoch 756
-------------------------------
loss = 0.024901766875521057
Epoch 757
-------------------------------
loss = 0.024951944796179643
Epoch 758
-------------------------------
loss = 0.025041485009122226
Epoch 759
-------------------------------
loss = 0.02491011509099414
Epoch 760
-------------------------------
loss = 0.02493860262256082
Epoch 761
-------------------------------
loss = 0.024830335142072522
Epoch 762
-------------------------------
loss = 0.024774608150208027
Epoch 763
-------------------------------
loss = 0.024723184667788098
Epoch 764
-------------------------------
loss = 0.024674003794153153
Epoch 765
-------------------------------
loss = 0.02476344480237887
Epoch 766
-------------------------------
loss = 0.024901948208306216
Epoch 767
-------------------------------
loss = 0.02459128085579934
Epoch 768
-------------------------------
loss = 0.024586649784006417
Epoch 769
-------------------------------
loss = 0.024592423527349895
Epoch 770
-------------------------------
loss = 0.024585174357046206
Epoch 771
-------------------------------
loss = 0.024548009422153426
Epoch 772
-------------------------------
loss = 0.024500363251348974
Epoch 773
-------------------------------
loss = 0.02451577369708357
Epoch 774
-------------------------------
loss = 0.024483669129737134
Epoch 775
-------------------------------
loss = 0.02441205021247002
Epoch 776
-------------------------------
loss = 0.024428239604827616
Epoch 777
-------------------------------
loss = 0.024411415701415348
Epoch 778
-------------------------------
loss = 0.02434772970096893
Epoch 779
-------------------------------
loss = 0.024402311093005214
Epoch 780
-------------------------------
loss = 0.02426881516332756
Epoch 781
-------------------------------
loss = 0.024822911112059816
Epoch 782
-------------------------------
loss = 0.02435989092449497
Epoch 783
-------------------------------
loss = 0.024211329969378814
Epoch 784
-------------------------------
loss = 0.02419369134270971
Epoch 785
-------------------------------
loss = 0.02414427030969005
Epoch 786
-------------------------------
loss = 0.024119617248368537
Epoch 787
-------------------------------
loss = 0.024092418649347035
Epoch 788
-------------------------------
loss = 0.024111876227721128
Epoch 789
-------------------------------
loss = 0.024050468663017844
Epoch 790
-------------------------------
loss = 0.023994184701477093
Epoch 791
-------------------------------
loss = 0.02399966265600211
Epoch 792
-------------------------------
loss = 0.023984464370559393
Epoch 793
-------------------------------
loss = 0.023972579359612743
Epoch 794
-------------------------------
loss = 0.024768389146094128
Epoch 795
-------------------------------
loss = 0.023895160068446435
Epoch 796
-------------------------------
loss = 0.023886936000549152
Epoch 797
-------------------------------
loss = 0.023936712027727625
Epoch 798
-------------------------------
loss = 0.02379815299877177
Epoch 799
-------------------------------
loss = 0.023770042648823285
Epoch 800
-------------------------------
loss = 0.024101803487419325
Epoch 801
-------------------------------
loss = 0.02366080409035986
metrics at epoch 800
         snr      psnr      nmse      ssim  ...  reduce   model dataset epoch
0  13.717702 -1.331398  0.282752  0.830101  ...    mean  ROBUST    test   800
1  14.103726 -1.052158  0.038871  0.880274  ...  median  ROBUST    test   800
2  14.126971 -0.909200  0.050985  0.852743  ...    mean  ROBUST   train   800
3  14.376053 -0.921347  0.036509  0.896408  ...  median  ROBUST   train   800

[4 rows x 9 columns]
Epoch 802
-------------------------------
loss = 0.023690965800234567
Epoch 803
-------------------------------
loss = 0.02367077554820867
Epoch 804
-------------------------------
loss = 0.023645666826171453
Epoch 805
-------------------------------
loss = 0.023707830147686414
Epoch 806
-------------------------------
loss = 0.023574370538974283
Epoch 807
-------------------------------
loss = 0.023583436331381342
Epoch 808
-------------------------------
loss = 0.023580683036184734
Epoch 809
-------------------------------
loss = 0.023621266727633625
Epoch 810
-------------------------------
loss = 0.023563561438744402
Epoch 811
-------------------------------
loss = 0.023553853460062862
Epoch 812
-------------------------------
loss = 0.023551713813417672
Epoch 813
-------------------------------
loss = 0.023591205378708964
Epoch 814
-------------------------------
loss = 0.023557089110429898
Epoch 815
-------------------------------
loss = 0.023553233662302542
Epoch 816
-------------------------------
loss = 0.0235465823730897
Epoch 817
-------------------------------
loss = 0.02354368760663994
Epoch 818
-------------------------------
loss = 0.02354417713538931
Epoch 819
-------------------------------
loss = 0.023530136404862477
Epoch 820
-------------------------------
loss = 0.023527273926240322
Epoch 821
-------------------------------
loss = 0.023509892071099787
Epoch 822
-------------------------------
loss = 0.023503780049038747
Epoch 823
-------------------------------
loss = 0.023475925043470777
Epoch 824
-------------------------------
loss = 0.023456344488155114
Epoch 825
-------------------------------
loss = 0.02344465067711359
Epoch 826
-------------------------------
loss = 0.023439159186113917
Epoch 827
-------------------------------
loss = 0.023456353772224433
Epoch 828
-------------------------------
loss = 0.0234494952674191
Epoch 829
-------------------------------
loss = 0.023420897651159234
Epoch 830
-------------------------------
loss = 0.023411237902213725
Epoch 831
-------------------------------
loss = 0.02335541678954793
Epoch 832
-------------------------------
loss = 0.023375849822843013
Epoch 833
-------------------------------
loss = 0.023340146015214152
Epoch 834
-------------------------------
loss = 0.02333012970934999
Epoch 835
-------------------------------
loss = 0.023288159219558242
Epoch 836
-------------------------------
loss = 0.023267907317712028
Epoch 837
-------------------------------
loss = 0.023271868423022
Epoch 838
-------------------------------
loss = 0.023242965560200394
Epoch 839
-------------------------------
loss = 0.023243704940271847
Epoch 840
-------------------------------
loss = 0.023195364476323282
Epoch 841
-------------------------------
loss = 0.023200554656607544
Epoch 842
-------------------------------
loss = 0.02321208003535394
Epoch 843
-------------------------------
loss = 0.023146666472781817
Epoch 844
-------------------------------
loss = 0.02314460952364377
Epoch 845
-------------------------------
loss = 0.02314379177539621
Epoch 846
-------------------------------
loss = 0.023108518570763754
Epoch 847
-------------------------------
loss = 0.023088671508881584
Epoch 848
-------------------------------
loss = 0.023070908107296017
Epoch 849
-------------------------------
loss = 0.023067772006362307
Epoch 850
-------------------------------
loss = 0.023053874225098515
Epoch 851
-------------------------------
loss = 0.02306623773730412
Epoch 852
-------------------------------
loss = 0.023049389539808684
Epoch 853
-------------------------------
loss = 0.02302755331576864
Epoch 854
-------------------------------
loss = 0.02301813906586161
Epoch 855
-------------------------------
loss = 0.023020428620008485
Epoch 856
-------------------------------
loss = 0.022985870649943854
Epoch 857
-------------------------------
loss = 0.02295974379961292
Epoch 858
-------------------------------
loss = 0.022947742682395893
Epoch 859
-------------------------------
loss = 0.02293523471655342
Epoch 860
-------------------------------
loss = 0.02290451357158576
Epoch 861
-------------------------------
loss = 0.023106296323167595
Epoch 862
-------------------------------
loss = 0.0229473077533704
Epoch 863
-------------------------------
loss = 0.022896372724755937
Epoch 864
-------------------------------
loss = 0.022846985343977794
Epoch 865
-------------------------------
loss = 0.022851936239426333
Epoch 866
-------------------------------
loss = 0.022764622659064922
Epoch 867
-------------------------------
loss = 0.022871287384644785
Epoch 868
-------------------------------
loss = 0.0227415857764131
Epoch 869
-------------------------------
loss = 0.022735545626614277
Epoch 870
-------------------------------
loss = 0.022895167228140854
Epoch 871
-------------------------------
loss = 0.022761955016644
Epoch 872
-------------------------------
loss = 0.022803833563406137
Epoch 873
-------------------------------
loss = 0.022787376619312762
Epoch 874
-------------------------------
loss = 0.022713416698297358
Epoch 875
-------------------------------
loss = 0.022715791730162065
Epoch 876
-------------------------------
loss = 0.02266670040961576
Epoch 877
-------------------------------
loss = 0.022705173070897134
Epoch 878
-------------------------------
loss = 0.022603893272913813
Epoch 879
-------------------------------
loss = 0.022591408869902317
Epoch 880
-------------------------------
loss = 0.022582615417012824
Epoch 881
-------------------------------
loss = 0.022564133324929063
Epoch 882
-------------------------------
loss = 0.022577763121933606
Epoch 883
-------------------------------
loss = 0.022533258810648438
Epoch 884
-------------------------------
loss = 0.02255255997767991
Epoch 885
-------------------------------
loss = 0.022738951653337856
Epoch 886
-------------------------------
loss = 0.022563212541749512
Epoch 887
-------------------------------
loss = 0.022461276994111996
Epoch 888
-------------------------------
loss = 0.022579391769262415
Epoch 889
-------------------------------
loss = 0.022481825956956365
Epoch 890
-------------------------------
loss = 0.022603461264794605
Epoch 891
-------------------------------
loss = 0.022378514052910727
Epoch 892
-------------------------------
loss = 0.02233183164986352
Epoch 893
-------------------------------
loss = 0.02244205417727557
Epoch 894
-------------------------------
loss = 0.022742752859936443
Epoch 895
-------------------------------
loss = 0.02251177267308201
Epoch 896
-------------------------------
loss = 0.02238232066631963
Epoch 897
-------------------------------
loss = 0.02231930569319585
Epoch 898
-------------------------------
loss = 0.022599947858792834
Epoch 899
-------------------------------
loss = 0.02259756835641179
Epoch 900
-------------------------------
loss = 0.02252538470729203
Epoch 901
-------------------------------
loss = 0.02227736031053535
metrics at epoch 900
         snr      psnr      nmse      ssim  ...  reduce   model dataset epoch
0  13.776923 -1.424542  0.271228  0.827648  ...    mean  ROBUST    test   900
1  14.132964 -1.119064  0.038610  0.879260  ...  median  ROBUST    test   900
2  14.212296 -0.981635  0.049609  0.852284  ...    mean  ROBUST   train   900
3  14.477865 -0.987472  0.035663  0.895000  ...  median  ROBUST   train   900

[4 rows x 9 columns]
Epoch 902
-------------------------------
loss = 0.02222148415447974
Epoch 903
-------------------------------
loss = 0.02219644898982103
Epoch 904
-------------------------------
loss = 0.02218585984483181
Epoch 905
-------------------------------
loss = 0.022440042681986242
Epoch 906
-------------------------------
loss = 0.02265929752850089
Epoch 907
-------------------------------
loss = 0.02236426291443962
Epoch 908
-------------------------------
loss = 0.0221950409499305
Epoch 909
-------------------------------
loss = 0.02257844692141022
Epoch 910
-------------------------------
loss = 0.022307917078796195
Epoch 911
-------------------------------
loss = 0.022187595253543413
Epoch 912
-------------------------------
loss = 0.022322143607832523
Epoch 913
-------------------------------
loss = 0.022127770031410667
Epoch 914
-------------------------------
loss = 0.02219521053289704
Epoch 915
-------------------------------
loss = 0.02211305196299997
Epoch 916
-------------------------------
loss = 0.022080240587859394
Epoch 917
-------------------------------
loss = 0.02224817911888711
Epoch 918
-------------------------------
loss = 0.02208626258031962
Epoch 919
-------------------------------
loss = 0.02215291942814656
Epoch 920
-------------------------------
loss = 0.022590659247247766
Epoch 921
-------------------------------
loss = 0.022244090511676813
Epoch 922
-------------------------------
loss = 0.022209239725433216
Epoch 923
-------------------------------
loss = 0.022296180732025984
Epoch 924
-------------------------------
loss = 0.022585716196374717
Epoch 925
-------------------------------
loss = 0.02280316938841633
Epoch 926
-------------------------------
loss = 0.022844551391154704
Epoch 927
-------------------------------
loss = 0.022074953517391322
Epoch 928
-------------------------------
loss = 0.022141125820597667
Epoch 929
-------------------------------
loss = 0.022689736796077067
Epoch 930
-------------------------------
loss = 0.02317397013929736
Epoch 931
-------------------------------
loss = 0.022803733486954633
Epoch 932
-------------------------------
loss = 0.023249024234087423
Epoch 933
-------------------------------
loss = 0.022560993839336685
Epoch 934
-------------------------------
loss = 0.023334175523684154
Epoch 935
-------------------------------
loss = 0.022741704400665797
Epoch 936
-------------------------------
loss = 0.022606806211855637
Epoch 937
-------------------------------
loss = 0.022972718860754783
Epoch 938
-------------------------------
loss = 0.023034033190837088
Epoch 939
-------------------------------
loss = 0.02201928566031319
Epoch 940
-------------------------------
loss = 0.02275202385738504
Epoch 941
-------------------------------
loss = 0.022565393501307356
Epoch 942
-------------------------------
loss = 0.02276697481631444
Epoch 943
-------------------------------
loss = 0.02216750602627813
Epoch 944
-------------------------------
loss = 0.02243912564051755
Epoch 945
-------------------------------
loss = 0.0225116782800238
Epoch 946
-------------------------------
loss = 0.02209634024318834
Epoch 947
-------------------------------
loss = 0.022052868031674118
Epoch 948
-------------------------------
loss = 0.022279756845885165
Epoch 949
-------------------------------
loss = 0.022294613020768322
Epoch 950
-------------------------------
loss = 0.022554720704269265
Epoch 951
-------------------------------
loss = 0.022253676439718553
Epoch 952
-------------------------------
loss = 0.022441738314253806
Epoch 953
-------------------------------
loss = 0.022201090478009017
Epoch 954
-------------------------------
loss = 0.022491931604876857
Epoch 955
-------------------------------
loss = 0.022265404518426374
Epoch 956
-------------------------------
loss = 0.022630606617195865
Epoch 957
-------------------------------
loss = 0.02211824899865316
Epoch 958
-------------------------------
loss = 0.022323310564091696
Epoch 959
-------------------------------
loss = 0.021926078986325863
Epoch 960
-------------------------------
loss = 0.02193055281938287
Epoch 961
-------------------------------
loss = 0.021842959739776617
Epoch 962
-------------------------------
loss = 0.021938026317897798
Epoch 963
-------------------------------
loss = 0.02181004846946813
Epoch 964
-------------------------------
loss = 0.021879192667311087
Epoch 965
-------------------------------
loss = 0.02184227616635023
Epoch 966
-------------------------------
loss = 0.02197118402445392
Epoch 967
-------------------------------
loss = 0.021958957342974147
Epoch 968
-------------------------------
loss = 0.022094474654232026
Epoch 969
-------------------------------
loss = 0.022061454944350415
Epoch 970
-------------------------------
loss = 0.02230083457265424
Epoch 971
-------------------------------
loss = 0.021789205747257945
Epoch 972
-------------------------------
loss = 0.022005351947873834
Epoch 973
-------------------------------
loss = 0.021825785779720032
Epoch 974
-------------------------------
loss = 0.02209658664242913
Epoch 975
-------------------------------
loss = 0.021879006216038426
Epoch 976
-------------------------------
loss = 0.02199420523474209
Epoch 977
-------------------------------
loss = 0.022356772345363866
Epoch 978
-------------------------------
loss = 0.022304458523657936
Epoch 979
-------------------------------
loss = 0.021386662665117417
Epoch 980
-------------------------------
loss = 0.021366787863421555
Epoch 981
-------------------------------
loss = 0.021633752388149546
Epoch 982
-------------------------------
loss = 0.021828208795016273
Epoch 983
-------------------------------
loss = 0.021465527439878458
Epoch 984
-------------------------------
loss = 0.021480190723336855
Epoch 985
-------------------------------
loss = 0.021767721656431503
Epoch 986
-------------------------------
loss = 0.022172330609216553
Epoch 987
-------------------------------
loss = 0.021302591621444163
Epoch 988
-------------------------------
loss = 0.02131157980412316
Epoch 989
-------------------------------
loss = 0.021418268435471274
Epoch 990
-------------------------------
loss = 0.022016607431595944
Epoch 991
-------------------------------
loss = 0.021419884944540245
Epoch 992
-------------------------------
loss = 0.02140811906283592
Epoch 993
-------------------------------
loss = 0.02121429107181764
Epoch 994
-------------------------------
loss = 0.021254620312415092
Epoch 995
-------------------------------
loss = 0.02150946729620099
Epoch 996
-------------------------------
loss = 0.02178948667282795
Epoch 997
-------------------------------
loss = 0.021506601505110252
Epoch 998
-------------------------------
loss = 0.02273091457706114
Epoch 999
-------------------------------
loss = 0.02132398997484081
Epoch 1000
-------------------------------
loss = 0.021559773651247664
